<?xml version="1.0" encoding="UTF-8"?>
<testng-results ignored="0" total="1" passed="1" failed="0" skipped="0">
  <reporter-output>
  </reporter-output>
  <suite started-at="2026-07-06T02:23:50 EDT" name="Default suite" finished-at="2026-07-06T02:23:54 EDT" duration-ms="4550">
    <groups>
    </groups>
    <test started-at="2026-07-06T02:23:50 EDT" name="Default test" finished-at="2026-07-06T02:23:54 EDT" duration-ms="4550">
      <class name="playwrightTests.fileUpload">
        <test-method signature="fileUploadTest()[pri:0, instance:playwrightTests.fileUpload@1fa268de]" started-at="2026-07-06T02:23:50 EDT" name="fileUploadTest" finished-at="2026-07-06T02:23:54 EDT" duration-ms="4532" status="PASS">
          <reporter-output>
          </reporter-output>
        </test-method> <!-- fileUploadTest -->
      </class> <!-- playwrightTests.fileUpload -->
    </test> <!-- Default test -->
  </suite> <!-- Default suite -->
</testng-results>
