<?xml version="1.0" encoding="UTF-8"?>
<!-- Generated by org.testng.reporters.JUnitReportReporter -->
<testsuite hostname="Anushas-MacBook-Air.local" failures="0" tests="3" name="playwrightTests.WindowsAndTabsTest" time="35.189" errors="0" timestamp="2026-07-05T02:22:57 EDT" skipped="0">
  <testcase classname="playwrightTests.WindowsAndTabsTest" name="tabTest" time="6.229"/>
  <testcase classname="playwrightTests.WindowsAndTabsTest" name="multiTabSwitchWithTitle" time="22.788"/>
  <testcase classname="playwrightTests.WindowsAndTabsTest" name="windowTest" time="6.172"/>
</testsuite> <!-- playwrightTests.WindowsAndTabsTest -->
